<?xml version="1.0" encoding="UTF-8"?>
<!-- Generated by org.testng.reporters.JUnitXMLReporter -->
<testsuite hostname="Anishka-Home" ignored="0" name="Default test" tests="3" failures="0" timestamp="04 Dec 2017 00:45:03 GMT" time="36.428" errors="0">
  <testcase name="testCalculation" time="17.035" classname="autopackage.LoanCalculator"/>
  <testcase name="testEstimatedAPRError" time="4.964" classname="autopackage.LoanCalculator"/>
  <testcase name="testLoanAmountError" time="3.804" classname="autopackage.LoanCalculator"/>
</testsuite> <!-- Default test -->
